Build started 16/12/2015 12:42:14.
     1>Project "C:\Users\Ruben\Documents\GitHub\BubbleSort\BubbleSort\BubbleSort\BubbleSort.vcxproj" on node 2 (Build target(s)).
     1>ClCompile:
         C:\Program Files (x86)\Microsoft Visual Studio 12.0\VC\bin\CL.exe /c /ZI /nologo /W3 /WX- /sdl /Od /Oy- /D _MBCS /Gm /EHsc /RTC1 /MDd /GS /fp:precise /Zc:wchar_t /Zc:forScope /Fo"Debug\\" /Fd"Debug\vc120.pdb" /Gd /TP /analyze- /errorReport:prompt Main.cpp
         Main.cpp
     1>c:\users\ruben\documents\github\bubblesort\bubblesort\bubblesort\main.cpp(17): warning C4244: 'initializing' : conversion from 'double' to 'int', possible loss of data
     1>c:\users\ruben\documents\github\bubblesort\bubblesort\bubblesort\p2dynarray.h(162): warning C4018: '<' : signed/unsigned mismatch
                 c:\users\ruben\documents\github\bubblesort\bubblesort\bubblesort\p2dynarray.h(145) : while compiling class template member function 'double p2DynArray<int>::CombSort(void)'
                 c:\users\ruben\documents\github\bubblesort\bubblesort\bubblesort\main.cpp(17) : see reference to function template instantiation 'double p2DynArray<int>::CombSort(void)' being compiled
                 c:\users\ruben\documents\github\bubblesort\bubblesort\bubblesort\main.cpp(7) : see reference to class template instantiation 'p2DynArray<int>' being compiled
     1>c:\users\ruben\documents\github\bubblesort\bubblesort\bubblesort\p2dynarray.h(250): warning C4018: '<' : signed/unsigned mismatch
                 c:\users\ruben\documents\github\bubblesort\bubblesort\bubblesort\p2dynarray.h(246) : while compiling class template member function 'void p2DynArray<int>::PrintArray(void)'
                 c:\users\ruben\documents\github\bubblesort\bubblesort\bubblesort\main.cpp(20) : see reference to function template instantiation 'void p2DynArray<int>::PrintArray(void)' being compiled
       Link:
         C:\Program Files (x86)\Microsoft Visual Studio 12.0\VC\bin\link.exe /ERRORREPORT:PROMPT /OUT:"C:\Users\Ruben\Documents\GitHub\BubbleSort\BubbleSort\Debug\BubbleSort.exe" /INCREMENTAL /NOLOGO kernel32.lib user32.lib gdi32.lib winspool.lib comdlg32.lib advapi32.lib shell32.lib ole32.lib oleaut32.lib uuid.lib odbc32.lib odbccp32.lib /MANIFEST /MANIFESTUAC:"level='asInvoker' uiAccess='false'" /manifest:embed /DEBUG /PDB:"C:\Users\Ruben\Documents\GitHub\BubbleSort\BubbleSort\Debug\BubbleSort.pdb" /TLBID:1 /DYNAMICBASE /NXCOMPAT /IMPLIB:"C:\Users\Ruben\Documents\GitHub\BubbleSort\BubbleSort\Debug\BubbleSort.lib" /MACHINE:X86 Debug\BubbleSort.obj
         Debug\Main.obj
         BubbleSort.vcxproj -> C:\Users\Ruben\Documents\GitHub\BubbleSort\BubbleSort\Debug\BubbleSort.exe
     1>Done Building Project "C:\Users\Ruben\Documents\GitHub\BubbleSort\BubbleSort\BubbleSort\BubbleSort.vcxproj" (Build target(s)).

Build succeeded.

Time Elapsed 00:00:00.64
